
[1;33m=====================================[0m
[1;33m  Floinvite Deployment Script[0m
[1;33m  (Mail System Only)[0m
[1;33m=====================================[0m


[1;33m[MAIL][0m Deploying mail marketing system...
[1;33m[MAIL][0m Uploading mail system files...
Pseudo-terminal will not be allocated because stdin is not a terminal.
[0;35m
   HHHH               HHHH
   HHHHHHHH           HHHHHHHH
   HHHHHHHH           HHHHHHHH
   HHHHHHHH           HHHHHHHH
   HHHHHHHHHHHHHHHHHHHH  HHHHH
   HHHHHHHHHHHHHHHHHHHHHHHHH
     HHHHHHHHHHHHHHHHHHHHHHHHH
   HHHH  HHHHHHHHHHHHHHHHHHHHH
   HHHHHHHH           HHHHHHHH
   HHHHHHHH           HHHHHHHH
   HHHHHHHH           HHHHHHHH
       HHHH               HHHH

[0mWelcome back! The time now is 15:58 UTC
Server load: 9.59, 10.41, 10.43

Link to hPanel: 
https://hpanel.hostinger.com/ 

Mail system files deployed
[0;32m✓ Mail system files uploaded[0m
[0;32m✓ Mail login page: HTTP 200 OK[0m
[0;32m✓ Mail system deployment successful![0m

[1;33m⚠ IMPORTANT NOTE:[0m
  Database config (config.php) and .htpasswd are NOT overwritten.
  These files contain server credentials and stay on production.
  To update them, use SSH directly.


[0;32m=====================================[0m
[0;32m  ✓ Deployment Complete![0m
[0;32m=====================================[0m

Deployed at: Mon 26 Jan 16:00:43 GMT 2026
Main site: https://floinvite.com
Mail system: https://floinvite.com/floinvite-mail/login.php

Next steps:
1. Visit https://floinvite.com in browser (hard refresh: Cmd+Shift+R)
2. Verify no authentication prompt appears
3. Check DevTools console for errors

